{"level":"info","message":"info"}
{"level":"info","message":"info"}
{"level":"warn","message":"warn"}
{"level":"debug","message":"debug"}
{"level":"error","message":"error"}
{"level":"error"}
2023-02-23T05:28:34.506Z [undefined] : info
2023-02-23T05:28:34.508Z [undefined] : warn
2023-02-23T05:28:34.509Z [undefined] : debug
2023-02-23T05:28:34.509Z [undefined] : error
2023-02-23T05:28:34.510Z [undefined] : error
07:29:56 [info] : info
07:29:56 [info] : warn
07:29:56 [info] : debug
07:29:56 [info] : error
07:29:56 [info] : error
07:31:03 [info] : information log
07:31:03 [info] : warning log
07:31:03 [info] : error log
07:31:03 [info] : debug log
07:31:24 [info] : information log
07:31:24 [warn] : warning log
07:31:24 [error] : error log
07:31:24 [debug] : debug log
07:33:16 [[32minfo[39m] : information log
07:33:16 [[33mwarn[39m] : warning log
07:33:16 [[31merror[39m] : error log
07:33:16 [[34mdebug[39m] : debug log
